<?xml version="1.0" encoding="UTF-8"?>
<!-- Generated by org.testng.reporters.JUnitXMLReporter -->
<testsuite ignored="16" hostname="LAPTOP-ABS223QL" failures="0" tests="5" name="Batch" time="111.269" errors="0" timestamp="2022-06-09T12:39:52 IST">
  <testcase classname="com.crm.comcast.organisationTest.CreateOrgsTest" name="createorganisationTest" time="12.299"/>
  <testcase classname="com.crm.comcast.campaignTest.CreateCampaignWithProductTest" name="createcampaignwithproductTest" time="26.05"/>
  <testcase classname="com.crm.comcast.campaignTest.CreateCampaignTest" name="createcampaignTest" time="9.156"/>
  <testcase classname="com.crm.comcast.contactTest.DeleteContactTest" name="deletecontactTest" time="16.996"/>
  <testcase classname="com.crm.comcast.contactTest.CreateContactTest" name="createcontactTest" time="9.94"/>
  <testcase classname="com.crm.comcast.genericUtlilty.BaseClass" name="@AfterTest aftersuite" time="0.0">
    <ignored/>
  </testcase> <!-- @AfterTest aftersuite -->
  <testcase classname="com.crm.comcast.genericUtlilty.BaseClass" name="@AfterTest aftersuite" time="0.0">
    <ignored/>
  </testcase> <!-- @AfterTest aftersuite -->
  <testcase classname="com.crm.comcast.genericUtlilty.BaseClass" name="@AfterTest aftersuite" time="0.0">
    <ignored/>
  </testcase> <!-- @AfterTest aftersuite -->
  <testcase classname="com.crm.comcast.genericUtlilty.BaseClass" name="@AfterTest aftersuite" time="0.0">
    <ignored/>
  </testcase> <!-- @AfterTest aftersuite -->
  <testcase classname="com.crm.comcast.genericUtlilty.BaseClass" name="@BeforeTest beforetest" time="0.0">
    <ignored/>
  </testcase> <!-- @BeforeTest beforetest -->
  <testcase classname="com.crm.comcast.genericUtlilty.BaseClass" name="@BeforeTest beforetest" time="0.0">
    <ignored/>
  </testcase> <!-- @BeforeTest beforetest -->
  <testcase classname="com.crm.comcast.genericUtlilty.BaseClass" name="@BeforeTest beforetest" time="0.0">
    <ignored/>
  </testcase> <!-- @BeforeTest beforetest -->
  <testcase classname="com.crm.comcast.genericUtlilty.BaseClass" name="@BeforeTest beforetest" time="0.0">
    <ignored/>
  </testcase> <!-- @BeforeTest beforetest -->
  <testcase classname="com.crm.comcast.genericUtlilty.BaseClass" name="@AfterSuite aftermethod1" time="0.0">
    <ignored/>
  </testcase> <!-- @AfterSuite aftermethod1 -->
  <testcase classname="com.crm.comcast.genericUtlilty.BaseClass" name="@AfterSuite aftermethod1" time="0.0">
    <ignored/>
  </testcase> <!-- @AfterSuite aftermethod1 -->
  <testcase classname="com.crm.comcast.genericUtlilty.BaseClass" name="@AfterSuite aftermethod1" time="0.0">
    <ignored/>
  </testcase> <!-- @AfterSuite aftermethod1 -->
  <testcase classname="com.crm.comcast.genericUtlilty.BaseClass" name="@AfterSuite aftermethod1" time="0.0">
    <ignored/>
  </testcase> <!-- @AfterSuite aftermethod1 -->
  <testcase classname="com.crm.comcast.genericUtlilty.BaseClass" name="@BeforeSuite beforesuite" time="0.0">
    <ignored/>
  </testcase> <!-- @BeforeSuite beforesuite -->
  <testcase classname="com.crm.comcast.genericUtlilty.BaseClass" name="@BeforeSuite beforesuite" time="0.0">
    <ignored/>
  </testcase> <!-- @BeforeSuite beforesuite -->
  <testcase classname="com.crm.comcast.genericUtlilty.BaseClass" name="@BeforeSuite beforesuite" time="0.0">
    <ignored/>
  </testcase> <!-- @BeforeSuite beforesuite -->
  <testcase classname="com.crm.comcast.genericUtlilty.BaseClass" name="@BeforeSuite beforesuite" time="0.0">
    <ignored/>
  </testcase> <!-- @BeforeSuite beforesuite -->
</testsuite> <!-- Batch -->
