<?xml version="1.0" encoding="UTF-8"?>
<!-- Generated by org.testng.reporters.JUnitXMLReporter -->
<testsuite ignored="16" hostname="LAPTOP-ABS223QL" failures="0" tests="5" name="Group" time="103.291" errors="0" timestamp="2022-06-09T15:48:52 IST">
  <testcase classname="com.crm.comcast.organisationTest.CreateOrgsTest" name="createorganisationTest" time="11.243"/>
  <testcase classname="com.crm.comcast.campaignTest.CreateCampaignWithProductTest" name="createcampaignwithproductTest" time="23.953"/>
  <testcase classname="com.crm.comcast.campaignTest.CreateCampaignTest" name="createcampaignTest" time="8.686"/>
  <testcase classname="com.crm.comcast.contactTest.DeleteContactTest" name="deletecontactTest" time="16.602"/>
  <testcase classname="com.crm.comcast.contactTest.CreateContactTest" name="createcontactTest" time="9.723"/>
  <testcase classname="com.crm.comcast.genericUtlilty.BaseClass" name="@AfterTest aftersuite" time="0.0">
    <ignored/>
  </testcase> <!-- @AfterTest aftersuite -->
  <testcase classname="com.crm.comcast.genericUtlilty.BaseClass" name="@AfterTest aftersuite" time="0.0">
    <ignored/>
  </testcase> <!-- @AfterTest aftersuite -->
  <testcase classname="com.crm.comcast.genericUtlilty.BaseClass" name="@AfterTest aftersuite" time="0.0">
    <ignored/>
  </testcase> <!-- @AfterTest aftersuite -->
  <testcase classname="com.crm.comcast.genericUtlilty.BaseClass" name="@AfterTest aftersuite" time="0.0">
    <ignored/>
  </testcase> <!-- @AfterTest aftersuite -->
  <testcase classname="com.crm.comcast.genericUtlilty.BaseClass" name="@BeforeTest beforetest" time="0.0">
    <ignored/>
  </testcase> <!-- @BeforeTest beforetest -->
  <testcase classname="com.crm.comcast.genericUtlilty.BaseClass" name="@BeforeTest beforetest" time="0.0">
    <ignored/>
  </testcase> <!-- @BeforeTest beforetest -->
  <testcase classname="com.crm.comcast.genericUtlilty.BaseClass" name="@BeforeTest beforetest" time="0.0">
    <ignored/>
  </testcase> <!-- @BeforeTest beforetest -->
  <testcase classname="com.crm.comcast.genericUtlilty.BaseClass" name="@BeforeTest beforetest" time="0.0">
    <ignored/>
  </testcase> <!-- @BeforeTest beforetest -->
  <testcase classname="com.crm.comcast.genericUtlilty.BaseClass" name="@AfterSuite aftermethod1" time="0.0">
    <ignored/>
  </testcase> <!-- @AfterSuite aftermethod1 -->
  <testcase classname="com.crm.comcast.genericUtlilty.BaseClass" name="@AfterSuite aftermethod1" time="0.0">
    <ignored/>
  </testcase> <!-- @AfterSuite aftermethod1 -->
  <testcase classname="com.crm.comcast.genericUtlilty.BaseClass" name="@AfterSuite aftermethod1" time="0.0">
    <ignored/>
  </testcase> <!-- @AfterSuite aftermethod1 -->
  <testcase classname="com.crm.comcast.genericUtlilty.BaseClass" name="@AfterSuite aftermethod1" time="0.0">
    <ignored/>
  </testcase> <!-- @AfterSuite aftermethod1 -->
  <testcase classname="com.crm.comcast.genericUtlilty.BaseClass" name="@BeforeSuite beforesuite" time="0.0">
    <ignored/>
  </testcase> <!-- @BeforeSuite beforesuite -->
  <testcase classname="com.crm.comcast.genericUtlilty.BaseClass" name="@BeforeSuite beforesuite" time="0.0">
    <ignored/>
  </testcase> <!-- @BeforeSuite beforesuite -->
  <testcase classname="com.crm.comcast.genericUtlilty.BaseClass" name="@BeforeSuite beforesuite" time="0.0">
    <ignored/>
  </testcase> <!-- @BeforeSuite beforesuite -->
  <testcase classname="com.crm.comcast.genericUtlilty.BaseClass" name="@BeforeSuite beforesuite" time="0.0">
    <ignored/>
  </testcase> <!-- @BeforeSuite beforesuite -->
</testsuite> <!-- Group -->
