<?xml version="1.0" encoding="UTF-8"?>
<!-- Generated by org.testng.reporters.JUnitXMLReporter -->
<testsuite ignored="4" hostname="LAPTOP-ABS223QL" failures="0" tests="2" name="Test" time="109.862" errors="0" timestamp="2022-06-16T10:13:21 IST">
  <testcase classname="com.crm.comcast.organisationTest.CreateOrgsTest" name="createorganisationTest" time="17.155"/>
  <testcase classname="com.crm.comcast.campaignTest.CreateCampaignWithProductTest" name="createcampaignwithproductTest" time="33.501"/>
  <testcase classname="com.crm.comcast.genericUtlilty.BaseClass" name="@BeforeTest beforetest" time="0.0">
    <ignored/>
  </testcase> <!-- @BeforeTest beforetest -->
  <testcase classname="com.crm.comcast.genericUtlilty.BaseClass" name="@AfterTest aftersuite" time="0.0">
    <ignored/>
  </testcase> <!-- @AfterTest aftersuite -->
  <testcase classname="com.crm.comcast.genericUtlilty.BaseClass" name="@AfterSuite aftermethod1" time="0.0">
    <ignored/>
  </testcase> <!-- @AfterSuite aftermethod1 -->
  <testcase classname="com.crm.comcast.genericUtlilty.BaseClass" name="@BeforeSuite beforesuite" time="0.0">
    <ignored/>
  </testcase> <!-- @BeforeSuite beforesuite -->
</testsuite> <!-- Test -->
