<?xml version="1.0" encoding="UTF-8"?>
<!-- Generated by org.testng.reporters.JUnitXMLReporter -->
<testsuite ignored="4" hostname="LAPTOP-ABS223QL" failures="0" tests="2" name="Test" time="0.056" errors="0" timestamp="2022-06-20T16:59:24 IST">
  <testcase classname="com.crm.comcast.genericUtlilty.BaseClass" name="@BeforeClass beforeclass" time="0.001">
    <failure type="java.lang.NullPointerException" message="Cannot invoke &amp;quot;String.equals(Object)&amp;quot; because &amp;quot;Browser&amp;quot; is null">
      <![CDATA[java.lang.NullPointerException: Cannot invoke "String.equals(Object)" because "Browser" is null
at com.crm.comcast.genericUtlilty.BaseClass.beforeclass(BaseClass.java:77)
at java.base/java.util.ArrayList.forEach(ArrayList.java:1511)
at java.base/java.util.concurrent.FutureTask.run(FutureTask.java:264)
at java.base/java.util.concurrent.ThreadPoolExecutor.runWorker(ThreadPoolExecutor.java:1136)
at java.base/java.util.concurrent.ThreadPoolExecutor$Worker.run(ThreadPoolExecutor.java:635)
at java.base/java.lang.Thread.run(Thread.java:833)
... Removed 14 stack frames]]>
    </failure>
  </testcase> <!-- @BeforeClass beforeclass -->
  <testcase classname="com.crm.comcast.genericUtlilty.BaseClass" name="@BeforeClass beforeclass" time="0.001">
    <failure type="java.lang.NullPointerException" message="Cannot invoke &amp;quot;String.equals(Object)&amp;quot; because &amp;quot;Browser&amp;quot; is null">
      <![CDATA[java.lang.NullPointerException: Cannot invoke "String.equals(Object)" because "Browser" is null
at com.crm.comcast.genericUtlilty.BaseClass.beforeclass(BaseClass.java:77)
at java.base/java.util.ArrayList.forEach(ArrayList.java:1511)
at java.base/java.util.concurrent.FutureTask.run(FutureTask.java:264)
at java.base/java.util.concurrent.ThreadPoolExecutor.runWorker(ThreadPoolExecutor.java:1136)
at java.base/java.util.concurrent.ThreadPoolExecutor$Worker.run(ThreadPoolExecutor.java:635)
at java.base/java.lang.Thread.run(Thread.java:833)
... Removed 14 stack frames]]>
    </failure>
  </testcase> <!-- @BeforeClass beforeclass -->
  <testcase classname="com.crm.comcast.genericUtlilty.BaseClass" name="@BeforeMethod beforemethod" time="-1.655724564362E9">
    <skipped/>
  </testcase> <!-- @BeforeMethod beforemethod -->
  <testcase classname="com.crm.comcast.genericUtlilty.BaseClass" name="@BeforeMethod beforemethod" time="-1.655724564362E9">
    <skipped/>
  </testcase> <!-- @BeforeMethod beforemethod -->
  <testcase classname="com.crm.comcast.genericUtlilty.BaseClass" name="@AfterMethod aftermethod" time="-1.655724564369E9">
    <skipped/>
  </testcase> <!-- @AfterMethod aftermethod -->
  <testcase classname="com.crm.comcast.genericUtlilty.BaseClass" name="@AfterMethod aftermethod" time="-1.65572456437E9">
    <skipped/>
  </testcase> <!-- @AfterMethod aftermethod -->
  <testcase classname="com.crm.comcast.genericUtlilty.BaseClass" name="@AfterClass afterclass" time="-1.655724564371E9">
    <skipped/>
  </testcase> <!-- @AfterClass afterclass -->
  <testcase classname="com.crm.comcast.genericUtlilty.BaseClass" name="@AfterClass afterclass" time="-1.655724564372E9">
    <skipped/>
  </testcase> <!-- @AfterClass afterclass -->
  <testcase classname="com.crm.comcast.genericUtlilty.BaseClass" name="@BeforeClass beforeclass" time="0.0">
    <failure type="java.lang.NullPointerException" message="Cannot invoke &amp;quot;String.equals(Object)&amp;quot; because &amp;quot;Browser&amp;quot; is null">
      <![CDATA[java.lang.NullPointerException: Cannot invoke "String.equals(Object)" because "Browser" is null
at com.crm.comcast.genericUtlilty.BaseClass.beforeclass(BaseClass.java:77)
at java.base/java.util.ArrayList.forEach(ArrayList.java:1511)
at java.base/java.util.concurrent.FutureTask.run(FutureTask.java:264)
at java.base/java.util.concurrent.ThreadPoolExecutor.runWorker(ThreadPoolExecutor.java:1136)
at java.base/java.util.concurrent.ThreadPoolExecutor$Worker.run(ThreadPoolExecutor.java:635)
at java.base/java.lang.Thread.run(Thread.java:833)
... Removed 14 stack frames]]>
    </failure>
  </testcase> <!-- @BeforeClass beforeclass -->
  <testcase classname="com.crm.comcast.genericUtlilty.BaseClass" name="@BeforeMethod beforemethod" time="-1.655724564374E9">
    <skipped/>
  </testcase> <!-- @BeforeMethod beforemethod -->
  <testcase classname="com.crm.comcast.genericUtlilty.BaseClass" name="@AfterMethod aftermethod" time="-1.655724564376E9">
    <skipped/>
  </testcase> <!-- @AfterMethod aftermethod -->
  <testcase classname="com.crm.comcast.genericUtlilty.BaseClass" name="@AfterClass afterclass" time="-1.655724564376E9">
    <skipped/>
  </testcase> <!-- @AfterClass afterclass -->
  <testcase classname="com.crm.comcast.organisationTest.CreateOrgsTest" name="createorganisationTest" time="0.0">
    <skipped/>
  </testcase> <!-- createorganisationTest -->
  <testcase classname="com.crm.comcast.campaignTest.CreateCampaignWithProductTest" name="createcampaignwithproductTest" time="0.0">
    <skipped/>
  </testcase> <!-- createcampaignwithproductTest -->
  <testcase classname="com.crm.comcast.genericUtlilty.BaseClass" name="@BeforeTest beforetest" time="0.0">
    <ignored/>
  </testcase> <!-- @BeforeTest beforetest -->
  <testcase classname="com.crm.comcast.genericUtlilty.BaseClass" name="@AfterTest aftersuite" time="0.0">
    <ignored/>
  </testcase> <!-- @AfterTest aftersuite -->
  <testcase classname="com.crm.comcast.genericUtlilty.BaseClass" name="@AfterSuite aftermethod1" time="0.0">
    <ignored/>
  </testcase> <!-- @AfterSuite aftermethod1 -->
  <testcase classname="com.crm.comcast.genericUtlilty.BaseClass" name="@BeforeSuite beforesuite" time="0.0">
    <ignored/>
  </testcase> <!-- @BeforeSuite beforesuite -->
</testsuite> <!-- Test -->
