<?xml version="1.0" encoding="UTF-8"?>
<testng-results ignored="0" total="1" passed="1" failed="0" skipped="0">
  <reporter-output>
  </reporter-output>
  <suite started-at="2022-06-20T15:02:26 IST" name="Default suite" finished-at="2022-06-20T15:02:52 IST" duration-ms="26527">
    <groups>
      <group name="regressionTest">
        <method signature="CreateCampaignTest.createcampaignTest()[pri:0, instance:com.crm.comcast.campaignTest.CreateCampaignTest@3c7f66c4]" name="createcampaignTest" class="com.crm.comcast.campaignTest.CreateCampaignTest"/>
      </group> <!-- regressionTest -->
      <group name="smokeTest">
        <method signature="CreateCampaignTest.createcampaignTest()[pri:0, instance:com.crm.comcast.campaignTest.CreateCampaignTest@3c7f66c4]" name="createcampaignTest" class="com.crm.comcast.campaignTest.CreateCampaignTest"/>
      </group> <!-- smokeTest -->
    </groups>
    <test started-at="2022-06-20T15:02:26 IST" name="Default test" finished-at="2022-06-20T15:02:52 IST" duration-ms="26527">
      <class name="com.crm.comcast.campaignTest.CreateCampaignTest">
        <test-method is-config="true" signature="beforesuite()[pri:0, instance:com.crm.comcast.campaignTest.CreateCampaignTest@3c7f66c4]" started-at="2022-06-20T15:02:26 IST" name="beforesuite" finished-at="2022-06-20T15:02:26 IST" duration-ms="6" status="PASS">
          <reporter-output>
          </reporter-output>
        </test-method> <!-- beforesuite -->
        <test-method is-config="true" signature="beforetest()[pri:0, instance:com.crm.comcast.campaignTest.CreateCampaignTest@3c7f66c4]" started-at="2022-06-20T15:02:26 IST" name="beforetest" finished-at="2022-06-20T15:02:26 IST" duration-ms="1" status="PASS">
          <reporter-output>
          </reporter-output>
        </test-method> <!-- beforetest -->
        <test-method is-config="true" signature="beforeclass()[pri:0, instance:com.crm.comcast.campaignTest.CreateCampaignTest@3c7f66c4]" started-at="2022-06-20T15:02:26 IST" name="beforeclass" finished-at="2022-06-20T15:02:32 IST" duration-ms="6244" status="PASS">
          <reporter-output>
          </reporter-output>
        </test-method> <!-- beforeclass -->
        <test-method is-config="true" signature="beforemethod()[pri:0, instance:com.crm.comcast.campaignTest.CreateCampaignTest@3c7f66c4]" started-at="2022-06-20T15:02:32 IST" name="beforemethod" finished-at="2022-06-20T15:02:35 IST" duration-ms="3531" status="PASS">
          <reporter-output>
          </reporter-output>
        </test-method> <!-- beforemethod -->
        <test-method signature="createcampaignTest()[pri:0, instance:com.crm.comcast.campaignTest.CreateCampaignTest@3c7f66c4]" started-at="2022-06-20T15:02:35 IST" name="createcampaignTest" finished-at="2022-06-20T15:02:50 IST" duration-ms="14512" status="PASS">
          <reporter-output>
          </reporter-output>
        </test-method> <!-- createcampaignTest -->
        <test-method is-config="true" signature="aftermethod()[pri:0, instance:com.crm.comcast.campaignTest.CreateCampaignTest@3c7f66c4]" started-at="2022-06-20T15:02:50 IST" name="aftermethod" finished-at="2022-06-20T15:02:52 IST" duration-ms="1965" status="PASS">
          <reporter-output>
          </reporter-output>
        </test-method> <!-- aftermethod -->
        <test-method is-config="true" signature="afterclass()[pri:0, instance:com.crm.comcast.campaignTest.CreateCampaignTest@3c7f66c4]" started-at="2022-06-20T15:02:52 IST" name="afterclass" finished-at="2022-06-20T15:02:52 IST" duration-ms="240" status="PASS">
          <reporter-output>
          </reporter-output>
        </test-method> <!-- afterclass -->
        <test-method is-config="true" signature="aftersuite()[pri:0, instance:com.crm.comcast.campaignTest.CreateCampaignTest@3c7f66c4]" started-at="2022-06-20T15:02:52 IST" name="aftersuite" finished-at="2022-06-20T15:02:52 IST" duration-ms="0" status="PASS">
          <reporter-output>
          </reporter-output>
        </test-method> <!-- aftersuite -->
        <test-method is-config="true" signature="aftermethod1()[pri:0, instance:com.crm.comcast.campaignTest.CreateCampaignTest@3c7f66c4]" started-at="2022-06-20T15:02:52 IST" name="aftermethod1" finished-at="2022-06-20T15:02:52 IST" duration-ms="1" status="PASS">
          <reporter-output>
          </reporter-output>
        </test-method> <!-- aftermethod1 -->
      </class> <!-- com.crm.comcast.campaignTest.CreateCampaignTest -->
    </test> <!-- Default test -->
  </suite> <!-- Default suite -->
</testng-results>
